0 info it worked if it ends with ok
1 verbose cli [ '/usr/bin/node', '/usr/bin/npm', 'bugs', 'backend-server' ]
2 info using npm@3.5.2
3 info using node@v8.10.0
4 silly fetchPackageMetaData backend-server
5 silly fetchNamedPackageData backend-server
6 silly mapToRegistry name backend-server
7 silly mapToRegistry using default registry
8 silly mapToRegistry registry https://registry.npmjs.org/
9 silly mapToRegistry uri https://registry.npmjs.org/backend-server
10 verbose request uri https://registry.npmjs.org/backend-server
11 verbose request no auth needed
12 info attempt registry request try #1 at 05:56:33
13 verbose request id 791b258b6a7674da
14 http request GET https://registry.npmjs.org/backend-server
15 http 200 https://registry.npmjs.org/backend-server
16 verbose headers { date: 'Wed, 14 Aug 2019 10:56:34 GMT',
16 verbose headers   'content-type': 'application/json; charset=UTF-8',
16 verbose headers   'transfer-encoding': 'chunked',
16 verbose headers   connection: 'keep-alive',
16 verbose headers   'set-cookie':
16 verbose headers    [ '__cfduid=d54983db7cd3227f7fc56cdc0e8335d3a1565780193; expires=Thu, 13-Aug-20 10:56:33 GMT; path=/; domain=.npmjs.org; HttpOnly' ],
16 verbose headers   'cf-cache-status': 'MISS',
16 verbose headers   'cache-control': 'max-age=300',
16 verbose headers   'cf-ray': '506267233bb7531e-MIA',
16 verbose headers   etag: 'W/"43698280e4e5764020051e43247c26d6"',
16 verbose headers   'expect-ct': 'max-age=604800, report-uri="https://report-uri.cloudflare.com/cdn-cgi/beacon/expect-ct"',
16 verbose headers   'last-modified': 'Sat, 26 May 2018 18:04:29 GMT',
16 verbose headers   vary: 'accept-encoding, accept',
16 verbose headers   server: 'cloudflare',
16 verbose headers   'content-encoding': 'gzip' }
17 silly get cb [ 200,
17 silly get   { date: 'Wed, 14 Aug 2019 10:56:34 GMT',
17 silly get     'content-type': 'application/json; charset=UTF-8',
17 silly get     'transfer-encoding': 'chunked',
17 silly get     connection: 'keep-alive',
17 silly get     'set-cookie':
17 silly get      [ '__cfduid=d54983db7cd3227f7fc56cdc0e8335d3a1565780193; expires=Thu, 13-Aug-20 10:56:33 GMT; path=/; domain=.npmjs.org; HttpOnly' ],
17 silly get     'cf-cache-status': 'MISS',
17 silly get     'cache-control': 'max-age=300',
17 silly get     'cf-ray': '506267233bb7531e-MIA',
17 silly get     etag: 'W/"43698280e4e5764020051e43247c26d6"',
17 silly get     'expect-ct': 'max-age=604800, report-uri="https://report-uri.cloudflare.com/cdn-cgi/beacon/expect-ct"',
17 silly get     'last-modified': 'Sat, 26 May 2018 18:04:29 GMT',
17 silly get     vary: 'accept-encoding, accept',
17 silly get     server: 'cloudflare',
17 silly get     'content-encoding': 'gzip' } ]
18 verbose get saving backend-server to /root/.npm/registry.npmjs.org/backend-server/.cache.json
19 silly bugs url https://github.com/jsmouret/backend/issues
20 verbose stack Error: Command failed: xdg-open https://github.com/jsmouret/backend/issues
20 verbose stack Running Firefox as root in a regular user's session is not supported.  ($XAUTHORITY is /run/user/1000/gdm/Xauthority which is owned by axel.)
20 verbose stack [5935:5935:0814/055636.257257:ERROR:zygote_host_impl_linux.cc(89)] Running as root without --no-sandbox is not supported. See https://crbug.com/638180.
20 verbose stack Running Firefox as root in a regular user's session is not supported.  ($XAUTHORITY is /run/user/1000/gdm/Xauthority which is owned by axel.)
20 verbose stack /usr/bin/xdg-open: 851: /usr/bin/xdg-open: iceweasel: not found
20 verbose stack /usr/bin/xdg-open: 851: /usr/bin/xdg-open: seamonkey: not found
20 verbose stack /usr/bin/xdg-open: 851: /usr/bin/xdg-open: mozilla: not found
20 verbose stack /usr/bin/xdg-open: 851: /usr/bin/xdg-open: epiphany: not found
20 verbose stack /usr/bin/xdg-open: 851: /usr/bin/xdg-open: konqueror: not found
20 verbose stack /usr/bin/xdg-open: 851: /usr/bin/xdg-open: chromium: not found
20 verbose stack /usr/bin/xdg-open: 851: /usr/bin/xdg-open: chromium-browser: not found
20 verbose stack [5966:5966:0814/055636.337038:ERROR:zygote_host_impl_linux.cc(89)] Running as root without --no-sandbox is not supported. See https://crbug.com/638180.
20 verbose stack /usr/bin/xdg-open: 851: /usr/bin/xdg-open: www-browser: not found
20 verbose stack /usr/bin/xdg-open: 851: /usr/bin/xdg-open: links2: not found
20 verbose stack /usr/bin/xdg-open: 851: /usr/bin/xdg-open: elinks: not found
20 verbose stack /usr/bin/xdg-open: 851: /usr/bin/xdg-open: links: not found
20 verbose stack /usr/bin/xdg-open: 851: /usr/bin/xdg-open: lynx: not found
20 verbose stack /usr/bin/xdg-open: 851: /usr/bin/xdg-open: w3m: not found
20 verbose stack xdg-open: no method available for opening 'https://github.com/jsmouret/backend/issues'
20 verbose stack
20 verbose stack     at ChildProcess.exithandler (child_process.js:275:12)
20 verbose stack     at emitTwo (events.js:126:13)
20 verbose stack     at ChildProcess.emit (events.js:214:7)
20 verbose stack     at maybeClose (internal/child_process.js:925:16)
20 verbose stack     at Socket.stream.socket.on (internal/child_process.js:346:11)
20 verbose stack     at emitOne (events.js:116:13)
20 verbose stack     at Socket.emit (events.js:211:7)
20 verbose stack     at Pipe._handle.close [as _onclose] (net.js:567:12)
21 verbose cwd /home/axel/Escritorio/devAxel/projects/backend-server
22 error Linux 5.0.0-23-generic
23 error argv "/usr/bin/node" "/usr/bin/npm" "bugs" "backend-server"
24 error node v8.10.0
25 error npm  v3.5.2
26 error code 3
27 error Command failed: xdg-open https://github.com/jsmouret/backend/issues
27 error Running Firefox as root in a regular user's session is not supported.  ($XAUTHORITY is /run/user/1000/gdm/Xauthority which is owned by axel.)
27 error [5935:5935:0814/055636.257257:ERROR:zygote_host_impl_linux.cc(89)] Running as root without --no-sandbox is not supported. See https://crbug.com/638180.
27 error Running Firefox as root in a regular user's session is not supported.  ($XAUTHORITY is /run/user/1000/gdm/Xauthority which is owned by axel.)
27 error /usr/bin/xdg-open: 851: /usr/bin/xdg-open: iceweasel: not found
27 error /usr/bin/xdg-open: 851: /usr/bin/xdg-open: seamonkey: not found
27 error /usr/bin/xdg-open: 851: /usr/bin/xdg-open: mozilla: not found
27 error /usr/bin/xdg-open: 851: /usr/bin/xdg-open: epiphany: not found
27 error /usr/bin/xdg-open: 851: /usr/bin/xdg-open: konqueror: not found
27 error /usr/bin/xdg-open: 851: /usr/bin/xdg-open: chromium: not found
27 error /usr/bin/xdg-open: 851: /usr/bin/xdg-open: chromium-browser: not found
27 error [5966:5966:0814/055636.337038:ERROR:zygote_host_impl_linux.cc(89)] Running as root without --no-sandbox is not supported. See https://crbug.com/638180.
27 error /usr/bin/xdg-open: 851: /usr/bin/xdg-open: www-browser: not found
27 error /usr/bin/xdg-open: 851: /usr/bin/xdg-open: links2: not found
27 error /usr/bin/xdg-open: 851: /usr/bin/xdg-open: elinks: not found
27 error /usr/bin/xdg-open: 851: /usr/bin/xdg-open: links: not found
27 error /usr/bin/xdg-open: 851: /usr/bin/xdg-open: lynx: not found
27 error /usr/bin/xdg-open: 851: /usr/bin/xdg-open: w3m: not found
27 error xdg-open: no method available for opening 'https://github.com/jsmouret/backend/issues'
28 error If you need help, you may report this error at:
28 error     <https://github.com/npm/npm/issues>
29 verbose exit [ 1, true ]
